Determining if the pthread_create exist failed with the following output:
Change Dir: /home/kristinnk/projects/ZombieMart/build/CMakeFiles/CMakeTmp

Run Build Command:/usr/bin/gmake "cmTryCompileExec2804773051/fast"
/usr/bin/gmake -f CMakeFiles/cmTryCompileExec2804773051.dir/build.make CMakeFiles/cmTryCompileExec2804773051.dir/build
gmake[1]: Entering directory `/home/kristinnk/projects/ZombieMart/build/CMakeFiles/CMakeTmp'
/usr/bin/cmake -E cmake_progress_report /home/kristinnk/projects/ZombieMart/build/CMakeFiles/CMakeTmp/CMakeFiles 1
Building C object CMakeFiles/cmTryCompileExec2804773051.dir/CheckSymbolExists.c.o
/usr/bin/gcc    -o CMakeFiles/cmTryCompileExec2804773051.dir/CheckSymbolExists.c.o   -c /home/kristinnk/projects/ZombieMart/build/CMakeFiles/CMakeTmp/CheckSymbolExists.c
Linking C executable cmTryCompileExec2804773051
/usr/bin/cmake -E cmake_link_script CMakeFiles/cmTryCompileExec2804773051.dir/link.txt --verbose=1
/usr/bin/gcc         CMakeFiles/cmTryCompileExec2804773051.dir/CheckSymbolExists.c.o  -o cmTryCompileExec2804773051 -rdynamic 
CMakeFiles/cmTryCompileExec2804773051.dir/CheckSymbolExists.c.o: In function `main':
CheckSymbolExists.c:(.text+0xa): undefined reference to `pthread_create'
collect2: error: ld returned 1 exit status
gmake[1]: *** [cmTryCompileExec2804773051] Error 1
gmake[1]: Leaving directory `/home/kristinnk/projects/ZombieMart/build/CMakeFiles/CMakeTmp'
gmake: *** [cmTryCompileExec2804773051/fast] Error 2

File /home/kristinnk/projects/ZombieMart/build/CMakeFiles/CMakeTmp/CheckSymbolExists.c:
/* */
#include <pthread.h>

int main(int argc, char** argv)
{
  (void)argv;
#ifndef pthread_create
  return ((int*)(&pthread_create))[argc];
#else
  (void)argc;
  return 0;
#endif
}

Determining if the function pthread_create exists in the pthreads failed with the following output:
Change Dir: /home/kristinnk/projects/ZombieMart/build/CMakeFiles/CMakeTmp

Run Build Command:/usr/bin/gmake "cmTryCompileExec2424217337/fast"
/usr/bin/gmake -f CMakeFiles/cmTryCompileExec2424217337.dir/build.make CMakeFiles/cmTryCompileExec2424217337.dir/build
gmake[1]: Entering directory `/home/kristinnk/projects/ZombieMart/build/CMakeFiles/CMakeTmp'
/usr/bin/cmake -E cmake_progress_report /home/kristinnk/projects/ZombieMart/build/CMakeFiles/CMakeTmp/CMakeFiles 1
Building C object CMakeFiles/cmTryCompileExec2424217337.dir/CheckFunctionExists.c.o
/usr/bin/gcc   -DCHECK_FUNCTION_EXISTS=pthread_create   -o CMakeFiles/cmTryCompileExec2424217337.dir/CheckFunctionExists.c.o   -c /usr/share/cmake/Modules/CheckFunctionExists.c
Linking C executable cmTryCompileExec2424217337
/usr/bin/cmake -E cmake_link_script CMakeFiles/cmTryCompileExec2424217337.dir/link.txt --verbose=1
/usr/bin/gcc     -DCHECK_FUNCTION_EXISTS=pthread_create    CMakeFiles/cmTryCompileExec2424217337.dir/CheckFunctionExists.c.o  -o cmTryCompileExec2424217337 -rdynamic -lpthreads 
/usr/bin/ld: cannot find -lpthreads
collect2: error: ld returned 1 exit status
gmake[1]: *** [cmTryCompileExec2424217337] Error 1
gmake[1]: Leaving directory `/home/kristinnk/projects/ZombieMart/build/CMakeFiles/CMakeTmp'
gmake: *** [cmTryCompileExec2424217337/fast] Error 2


